<?xml version="1.0" encoding="UTF-8"?>
<!-- Generated by org.testng.reporters.JUnitReportReporter -->
<testsuite hostname="ASCINLAP61473" failures="1" tests="1" name="com.fry.test.SnapdealPurchaseTest" time="52.941" errors="0" timestamp="2025-10-24T10:28:30 IST" skipped="0">
  <testcase classname="com.fry.test.SnapdealPurchaseTest" name="completeSnapdealFlowWithBaseTest" time="52.941">
    <failure message="Test failed due to exception: element click intercepted: Element &lt;a class=&quot;dp-widget-link noUdLine hashAdded&quot; pogid=&quot;684645095398&quot; href=&quot;https://www.snapdeal.com/product/audeom-enterprises-wooden-speaker-220/684645095398#bcrumbSearch:Bluetooth%20Speaker&quot; hidomntrack=&quot;&quot; target=&quot;_blank&quot;&gt;...&lt;/a&gt; is not clickable at point (338, 41). Other element would receive the click: &lt;div class=&quot;col-xs-14 search-box-wrapper&quot;&gt;...&lt;/div&gt;
  (Session info: chrome=141.0.7390.122)
Build info: version: &#039;4.36.0&#039;, revision: &#039;6d115cfd87&#039;
System info: os.name: &#039;Windows 11&#039;, os.arch: &#039;amd64&#039;, os.version: &#039;10.0&#039;, java.version: &#039;21.0.8&#039;
Driver info: org.openqa.selenium.chrome.ChromeDriver
Command: [2774dde43574850f7862f64a8ab1087a, clickElement {id=f.FE6FE5723CB939A1B71C3E499A081AA7.d.F857C393A2E827170C020240E19EB20E.e.330}]
Capabilities {acceptInsecureCerts: false, browserName: chrome, browserVersion: 141.0.7390.122, chrome: {chromedriverVersion: 141.0.7390.122 (b477534e7e1..., userDataDir: C:\Users\ARULMO~1.S\AppData...}, fedcm:accounts: true, goog:chromeOptions: {debuggerAddress: localhost:59158}, networkConnectionEnabled: false, pageLoadStrategy: normal, platformName: windows, proxy: Proxy(), se:cdp: ws://localhost:59158/devtoo..., se:cdpVersion: 141.0.7390.122, setWindowRect: true, strictFileInteractability: false, timeouts: {implicit: 0, pageLoad: 300000, script: 30000}, unhandledPromptBehavior: dismiss and notify, webauthn:extension:credBlob: true, webauthn:extension:largeBlob: true, webauthn:extension:minPinLength: true, webauthn:extension:prf: true, webauthn:virtualAuthenticators: true}
Element: [[ChromeDriver: chrome on windows (2774dde43574850f7862f64a8ab1087a)] -&gt; xpath: (//p[@class=&#039;product-title&#039;])[1]/ancestor::a]
Session ID: 2774dde43574850f7862f64a8ab1087a" type="java.lang.AssertionError">
      <![CDATA[java.lang.AssertionError: Test failed due to exception: element click intercepted: Element <a class="dp-widget-link noUdLine hashAdded" pogid="684645095398" href="https://www.snapdeal.com/product/audeom-enterprises-wooden-speaker-220/684645095398#bcrumbSearch:Bluetooth%20Speaker" hidomntrack="" target="_blank">...</a> is not clickable at point (338, 41). Other element would receive the click: <div class="col-xs-14 search-box-wrapper">...</div>
  (Session info: chrome=141.0.7390.122)
Build info: version: '4.36.0', revision: '6d115cfd87'
System info: os.name: 'Windows 11', os.arch: 'amd64', os.version: '10.0', java.version: '21.0.8'
Driver info: org.openqa.selenium.chrome.ChromeDriver
Command: [2774dde43574850f7862f64a8ab1087a, clickElement {id=f.FE6FE5723CB939A1B71C3E499A081AA7.d.F857C393A2E827170C020240E19EB20E.e.330}]
Capabilities {acceptInsecureCerts: false, browserName: chrome, browserVersion: 141.0.7390.122, chrome: {chromedriverVersion: 141.0.7390.122 (b477534e7e1..., userDataDir: C:\Users\ARULMO~1.S\AppData...}, fedcm:accounts: true, goog:chromeOptions: {debuggerAddress: localhost:59158}, networkConnectionEnabled: false, pageLoadStrategy: normal, platformName: windows, proxy: Proxy(), se:cdp: ws://localhost:59158/devtoo..., se:cdpVersion: 141.0.7390.122, setWindowRect: true, strictFileInteractability: false, timeouts: {implicit: 0, pageLoad: 300000, script: 30000}, unhandledPromptBehavior: dismiss and notify, webauthn:extension:credBlob: true, webauthn:extension:largeBlob: true, webauthn:extension:minPinLength: true, webauthn:extension:prf: true, webauthn:virtualAuthenticators: true}
Element: [[ChromeDriver: chrome on windows (2774dde43574850f7862f64a8ab1087a)] -> xpath: (//p[@class='product-title'])[1]/ancestor::a]
Session ID: 2774dde43574850f7862f64a8ab1087a
at org.testng.Assert.fail(Assert.java:111)
at com.fry.test.SnapdealPurchaseTest.completeSnapdealFlowWithBaseTest(SnapdealPurchaseTest.java:107)
at java.base/jdk.internal.reflect.DirectMethodHandleAccessor.invoke(DirectMethodHandleAccessor.java:103)
at java.base/java.lang.reflect.Method.invoke(Method.java:580)
at org.testng.internal.invokers.MethodInvocationHelper.invokeMethod(MethodInvocationHelper.java:141)
at org.testng.internal.invokers.TestInvoker.invokeMethod(TestInvoker.java:687)
at org.testng.internal.invokers.TestInvoker.invokeTestMethod(TestInvoker.java:230)
at org.testng.internal.invokers.MethodRunner.runInSequence(MethodRunner.java:63)
at org.testng.internal.invokers.TestInvoker$MethodInvocationAgent.invoke(TestInvoker.java:995)
at org.testng.internal.invokers.TestInvoker.invokeTestMethods(TestInvoker.java:203)
at org.testng.internal.invokers.TestMethodWorker.invokeTestMethods(TestMethodWorker.java:154)
at org.testng.internal.invokers.TestMethodWorker.run(TestMethodWorker.java:134)
at java.base/java.util.ArrayList.forEach(ArrayList.java:1596)
at org.testng.TestRunner.privateRun(TestRunner.java:741)
at org.testng.TestRunner.run(TestRunner.java:616)
at org.testng.SuiteRunner.runTest(SuiteRunner.java:421)
at org.testng.SuiteRunner.runSequentially(SuiteRunner.java:413)
at org.testng.SuiteRunner.privateRun(SuiteRunner.java:373)
at org.testng.SuiteRunner.run(SuiteRunner.java:312)
at org.testng.SuiteRunnerWorker.runSuite(SuiteRunnerWorker.java:52)
at org.testng.SuiteRunnerWorker.run(SuiteRunnerWorker.java:95)
at org.testng.TestNG.runSuitesSequentially(TestNG.java:1274)
at org.testng.TestNG.runSuitesLocally(TestNG.java:1208)
at org.testng.TestNG.runSuites(TestNG.java:1112)
at org.testng.TestNG.run(TestNG.java:1079)
at org.testng.remote.AbstractRemoteTestNG.run(AbstractRemoteTestNG.java:115)
at org.testng.remote.RemoteTestNG.initAndRun(RemoteTestNG.java:293)
at org.testng.remote.RemoteTestNG.main(RemoteTestNG.java:91)
]]>
    </failure>
  </testcase> <!-- completeSnapdealFlowWithBaseTest -->
</testsuite> <!-- com.fry.test.SnapdealPurchaseTest -->
