<?xml version="1.0" encoding="UTF-8"?>
<!-- Generated by org.testng.reporters.JUnitReportReporter -->
<testsuite hostname="ASCINLAP61473" failures="0" tests="6" name="com.fry.test.SnapdealSplitTests" time="0.031" errors="1" timestamp="2025-10-24T12:32:11 IST" skipped="5">
  <testcase classname="com.fry.test.SnapdealSplitTests" name="setup" time="0.028">
    <error message="Driver must be set" type="java.lang.IllegalArgumentException">
      <![CDATA[java.lang.IllegalArgumentException: Driver must be set
at org.openqa.selenium.internal.Require.nonNull(Require.java:63)
at org.openqa.selenium.interactions.Actions.<init>(Actions.java:67)
at org.openqa.selenium.interactions.Actions.<init>(Actions.java:63)
at com.fry.test.SnapdealSplitTests.setup(SnapdealSplitTests.java:26)
at java.base/jdk.internal.reflect.DirectMethodHandleAccessor.invoke(DirectMethodHandleAccessor.java:103)
at java.base/java.lang.reflect.Method.invoke(Method.java:580)
at org.testng.internal.invokers.MethodInvocationHelper.invokeMethod(MethodInvocationHelper.java:141)
at org.testng.internal.invokers.MethodInvocationHelper.invokeMethodConsideringTimeout(MethodInvocationHelper.java:71)
at org.testng.internal.invokers.ConfigInvoker.invokeConfigurationMethod(ConfigInvoker.java:400)
at org.testng.internal.invokers.ConfigInvoker.invokeConfigurations(ConfigInvoker.java:333)
at org.testng.internal.invokers.TestMethodWorker.invokeBeforeClassMethods(TestMethodWorker.java:188)
at org.testng.internal.invokers.TestMethodWorker.run(TestMethodWorker.java:128)
at java.base/java.util.ArrayList.forEach(ArrayList.java:1596)
at org.testng.TestRunner.privateRun(TestRunner.java:741)
at org.testng.TestRunner.run(TestRunner.java:616)
at org.testng.SuiteRunner.runTest(SuiteRunner.java:421)
at org.testng.SuiteRunner.runSequentially(SuiteRunner.java:413)
at org.testng.SuiteRunner.privateRun(SuiteRunner.java:373)
at org.testng.SuiteRunner.run(SuiteRunner.java:312)
at org.testng.SuiteRunnerWorker.runSuite(SuiteRunnerWorker.java:52)
at org.testng.SuiteRunnerWorker.run(SuiteRunnerWorker.java:95)
at org.testng.TestNG.runSuitesSequentially(TestNG.java:1274)
at org.testng.TestNG.runSuitesLocally(TestNG.java:1208)
at org.testng.TestNG.runSuites(TestNG.java:1112)
at org.testng.TestNG.run(TestNG.java:1079)
at org.testng.remote.AbstractRemoteTestNG.run(AbstractRemoteTestNG.java:115)
at org.testng.remote.RemoteTestNG.initAndRun(RemoteTestNG.java:293)
at org.testng.remote.RemoteTestNG.main(RemoteTestNG.java:91)
]]>
    </error>
  </testcase> <!-- setup -->
  <testcase classname="com.fry.test.SnapdealSplitTests" name="testLoginAndAddTwoProducts" time="0.001">
    <skipped/>
  </testcase> <!-- testLoginAndAddTwoProducts -->
  <testcase classname="com.fry.test.SnapdealSplitTests" name="testAddBluetoothSpeakerWithoutLogin" time="0.000">
    <skipped/>
  </testcase> <!-- testAddBluetoothSpeakerWithoutLogin -->
  <testcase classname="com.fry.test.SnapdealSplitTests" name="testAddSportsShoesWithoutLogin" time="0.000">
    <skipped/>
  </testcase> <!-- testAddSportsShoesWithoutLogin -->
  <testcase classname="com.fry.test.SnapdealSplitTests" name="testAddEarphonesWithoutLogin" time="0.001">
    <skipped/>
  </testcase> <!-- testAddEarphonesWithoutLogin -->
  <testcase classname="com.fry.test.SnapdealSplitTests" name="testAddSmartwatchWithoutLogin" time="0.001">
    <skipped/>
  </testcase> <!-- testAddSmartwatchWithoutLogin -->
</testsuite> <!-- com.fry.test.SnapdealSplitTests -->
